Started GET "/" for ::1 at 2023-08-17 23:34:35 +0300
Processing by Rails::WelcomeController#index as HTML
  Rendering /root/.rbenv/versions/3.1.2/lib/ruby/gems/3.1.0/gems/railties-7.0.7/lib/rails/templates/rails/welcome/index.html.erb
  Rendered /root/.rbenv/versions/3.1.2/lib/ruby/gems/3.1.0/gems/railties-7.0.7/lib/rails/templates/rails/welcome/index.html.erb (Duration: 3.4ms | Allocations: 636)
Completed 200 OK in 38ms (Views: 13.0ms | ActiveRecord: 0.0ms | Allocations: 7104)


  [1m[35m (13.5ms)[0m  [1m[35mCREATE TABLE "schema_migrations" ("version" varchar NOT NULL PRIMARY KEY)[0m
  [1m[35m (18.1ms)[0m  [1m[35mCREATE TABLE "ar_internal_metadata" ("key" varchar NOT NULL PRIMARY KEY, "value" varchar, "created_at" datetime(6) NOT NULL, "updated_at" datetime(6) NOT NULL)[0m
  [1m[36mActiveRecord::SchemaMigration Pluck (0.2ms)[0m  [1m[34mSELECT "schema_migrations"."version" FROM "schema_migrations" ORDER BY "schema_migrations"."version" ASC[0m
Migrating to CreateLabs (20230817211242)
  [1m[36mTRANSACTION (0.1ms)[0m  [1m[36mbegin transaction[0m
  [1m[35m (0.3ms)[0m  [1m[35mCREATE TABLE "labs" ("id" integer PRIMARY KEY AUTOINCREMENT NOT NULL, "title" varchar(250), "description" text(500), "grade" integer, "created_at" datetime(6) NOT NULL, "updated_at" datetime(6) NOT NULL)[0m
  [1m[36mActiveRecord::SchemaMigration Create (0.3ms)[0m  [1m[32mINSERT INTO "schema_migrations" ("version") VALUES (?)[0m  [["version", "20230817211242"]]
  [1m[36mTRANSACTION (13.4ms)[0m  [1m[36mcommit transaction[0m
  [1m[36mActiveRecord::InternalMetadata Load (0.2ms)[0m  [1m[34mSELECT "ar_internal_metadata".* FROM "ar_internal_metadata" WHERE "ar_internal_metadata"."key" = ? LIMIT ?[0m  [["key", "environment"], ["LIMIT", 1]]
  [1m[36mTRANSACTION (0.1ms)[0m  [1m[36mbegin transaction[0m
  [1m[36mActiveRecord::InternalMetadata Create (0.9ms)[0m  [1m[32mINSERT INTO "ar_internal_metadata" ("key", "value", "created_at", "updated_at") VALUES (?, ?, ?, ?)[0m  [["key", "environment"], ["value", "development"], ["created_at", "2023-08-17 21:25:33.209512"], ["updated_at", "2023-08-17 21:25:33.209512"]]
  [1m[36mTRANSACTION (8.2ms)[0m  [1m[36mcommit transaction[0m
  [1m[36mActiveRecord::SchemaMigration Pluck (0.1ms)[0m  [1m[34mSELECT "schema_migrations"."version" FROM "schema_migrations" ORDER BY "schema_migrations"."version" ASC[0m
  [1m[36mTRANSACTION (0.1ms)[0m  [1m[36mbegin transaction[0m
  [1m[36mLab Create (0.9ms)[0m  [1m[32mINSERT INTO "labs" ("title", "description", "grade", "created_at", "updated_at") VALUES (?, ?, ?, ?, ?)[0m  [["title", "My first lab"], ["description", "...some text..."], ["grade", 0], ["created_at", "2023-08-17 21:50:46.430448"], ["updated_at", "2023-08-17 21:50:46.430448"]]
  [1m[36mTRANSACTION (6.8ms)[0m  [1m[36mcommit transaction[0m
  [1m[36mTRANSACTION (0.1ms)[0m  [1m[36mbegin transaction[0m
  [1m[36mLab Create (0.5ms)[0m  [1m[32mINSERT INTO "labs" ("title", "description", "grade", "created_at", "updated_at") VALUES (?, ?, ?, ?, ?)[0m  [["title", "My second lab"], ["description", "...some text..."], ["grade", 2], ["created_at", "2023-08-17 21:51:38.075905"], ["updated_at", "2023-08-17 21:51:38.075905"]]
  [1m[36mTRANSACTION (11.8ms)[0m  [1m[36mcommit transaction[0m
  [1m[36mLab Count (0.8ms)[0m  [1m[34mSELECT COUNT(*) FROM "labs"[0m
  [1m[36mLab Load (0.3ms)[0m  [1m[34mSELECT "labs".* FROM "labs"[0m
Started GET "/" for ::1 at 2023-08-18 01:00:49 +0300
  [1m[36mActiveRecord::SchemaMigration Pluck (0.2ms)[0m  [1m[34mSELECT "schema_migrations"."version" FROM "schema_migrations" ORDER BY "schema_migrations"."version" ASC[0m
Processing by Rails::WelcomeController#index as HTML
  Rendering /root/.rbenv/versions/3.1.2/lib/ruby/gems/3.1.0/gems/railties-7.0.7/lib/rails/templates/rails/welcome/index.html.erb
  Rendered /root/.rbenv/versions/3.1.2/lib/ruby/gems/3.1.0/gems/railties-7.0.7/lib/rails/templates/rails/welcome/index.html.erb (Duration: 2.0ms | Allocations: 528)
Completed 200 OK in 18ms (Views: 6.5ms | ActiveRecord: 0.0ms | Allocations: 4492)


Started GET "/" for ::1 at 2023-08-18 01:00:50 +0300
Processing by Rails::WelcomeController#index as HTML
  Rendering /root/.rbenv/versions/3.1.2/lib/ruby/gems/3.1.0/gems/railties-7.0.7/lib/rails/templates/rails/welcome/index.html.erb
  Rendered /root/.rbenv/versions/3.1.2/lib/ruby/gems/3.1.0/gems/railties-7.0.7/lib/rails/templates/rails/welcome/index.html.erb (Duration: 0.9ms | Allocations: 296)
Completed 200 OK in 4ms (Views: 2.3ms | ActiveRecord: 0.0ms | Allocations: 1079)


Started GET "/" for ::1 at 2023-08-18 01:00:52 +0300
Processing by Rails::WelcomeController#index as HTML
  Rendering /root/.rbenv/versions/3.1.2/lib/ruby/gems/3.1.0/gems/railties-7.0.7/lib/rails/templates/rails/welcome/index.html.erb
  Rendered /root/.rbenv/versions/3.1.2/lib/ruby/gems/3.1.0/gems/railties-7.0.7/lib/rails/templates/rails/welcome/index.html.erb (Duration: 0.2ms | Allocations: 16)
Completed 200 OK in 3ms (Views: 2.1ms | ActiveRecord: 0.0ms | Allocations: 251)


Started GET "/" for ::1 at 2023-08-18 01:00:52 +0300
Processing by Rails::WelcomeController#index as HTML
  Rendering /root/.rbenv/versions/3.1.2/lib/ruby/gems/3.1.0/gems/railties-7.0.7/lib/rails/templates/rails/welcome/index.html.erb
  Rendered /root/.rbenv/versions/3.1.2/lib/ruby/gems/3.1.0/gems/railties-7.0.7/lib/rails/templates/rails/welcome/index.html.erb (Duration: 0.1ms | Allocations: 15)
Completed 200 OK in 2ms (Views: 1.1ms | ActiveRecord: 0.0ms | Allocations: 221)


Started GET "/labs" for ::1 at 2023-08-18 01:01:01 +0300
Processing by LabsController#index as HTML
  Rendering layout layouts/application.html.erb
  Rendering labs/index.slim within layouts/application
  Rendered labs/index.slim within layouts/application (Duration: 9.8ms | Allocations: 3687)
  Rendered layout layouts/application.html.erb (Duration: 10.4ms | Allocations: 3787)
Completed 500 Internal Server Error in 15ms (ActiveRecord: 0.0ms | Allocations: 4818)


  
ActionView::Template::Error (Unknown line indicator
  /root/krd-practice/RubyLessons/Lesson8/lab_reports/app/views/labs/index.slim, Line 1, Column 0
    @labs = Lab.all
    ^
):
    1: @labs = Lab.all
    2: - @labs.each do |lab|
    3:   = lab.title
  
app/views/labs/index.slim:1
Started GET "/labs" for ::1 at 2023-08-18 01:03:16 +0300
Processing by LabsController#index as HTML
  Rendering layout layouts/application.html.erb
  Rendering labs/index.slim within layouts/application
  [1m[36mLab Load (0.1ms)[0m  [1m[34mSELECT "labs".* FROM "labs"[0m
  ↳ app/views/labs/index.slim:1
  Rendered labs/index.slim within layouts/application (Duration: 35.5ms | Allocations: 15192)
  Rendered layout layouts/application.html.erb (Duration: 490.9ms | Allocations: 106184)
Completed 200 OK in 515ms (Views: 491.7ms | ActiveRecord: 1.5ms | Allocations: 109393)


Started GET "/labs" for ::1 at 2023-08-18 01:05:13 +0300
Processing by LabsController#index as HTML
  Rendering layout layouts/application.html.erb
  Rendering labs/index.slim within layouts/application
  [1m[36mLab Load (0.1ms)[0m  [1m[34mSELECT "labs".* FROM "labs"[0m
  ↳ app/views/labs/index.slim:1
  Rendered labs/index.slim within layouts/application (Duration: 11.8ms | Allocations: 2648)
  Rendered layout layouts/application.html.erb (Duration: 23.6ms | Allocations: 5512)
Completed 200 OK in 32ms (Views: 28.5ms | ActiveRecord: 0.1ms | Allocations: 6484)


Started GET "/labs" for ::1 at 2023-08-18 20:00:17 +0300
  [1m[36mActiveRecord::SchemaMigration Pluck (0.2ms)[0m  [1m[34mSELECT "schema_migrations"."version" FROM "schema_migrations" ORDER BY "schema_migrations"."version" ASC[0m
Processing by LabsController#index as HTML
  Rendering layout layouts/application.html.erb
  Rendering labs/index.slim within layouts/application
  [1m[36mLab Load (1.6ms)[0m  [1m[34mSELECT "labs".* FROM "labs"[0m
  ↳ app/views/labs/index.slim:1
  Rendered labs/index.slim within layouts/application (Duration: 36.5ms | Allocations: 15711)
  Rendered layout layouts/application.html.erb (Duration: 148.9ms | Allocations: 52113)
Completed 200 OK in 173ms (Views: 150.5ms | ActiveRecord: 2.3ms | Allocations: 58529)


Started GET "/labs" for ::1 at 2023-08-18 20:00:21 +0300
Processing by LabsController#index as HTML
  Rendering layout layouts/application.html.erb
  Rendering labs/index.slim within layouts/application
  [1m[36mLab Load (0.2ms)[0m  [1m[34mSELECT "labs".* FROM "labs"[0m
  ↳ app/views/labs/index.slim:1
  Rendered labs/index.slim within layouts/application (Duration: 2.9ms | Allocations: 642)
  Rendered layout layouts/application.html.erb (Duration: 8.1ms | Allocations: 3210)
Completed 200 OK in 11ms (Views: 9.4ms | ActiveRecord: 0.2ms | Allocations: 3544)


Started GET "/labs" for ::1 at 2023-08-18 20:00:21 +0300
Processing by LabsController#index as HTML
  Rendering layout layouts/application.html.erb
  Rendering labs/index.slim within layouts/application
  [1m[36mLab Load (0.1ms)[0m  [1m[34mSELECT "labs".* FROM "labs"[0m
  ↳ app/views/labs/index.slim:1
  Rendered labs/index.slim within layouts/application (Duration: 1.5ms | Allocations: 570)
  Rendered layout layouts/application.html.erb (Duration: 4.7ms | Allocations: 2948)
Completed 200 OK in 6ms (Views: 5.3ms | ActiveRecord: 0.1ms | Allocations: 3221)


Started GET "/labs" for ::1 at 2023-08-18 20:00:21 +0300
Processing by LabsController#index as HTML
  Rendering layout layouts/application.html.erb
  Rendering labs/index.slim within layouts/application
  [1m[36mLab Load (0.1ms)[0m  [1m[34mSELECT "labs".* FROM "labs"[0m
  ↳ app/views/labs/index.slim:1
  Rendered labs/index.slim within layouts/application (Duration: 2.2ms | Allocations: 563)
  Rendered layout layouts/application.html.erb (Duration: 10.5ms | Allocations: 2934)
Completed 200 OK in 15ms (Views: 14.7ms | ActiveRecord: 0.1ms | Allocations: 3200)


Started GET "/labs" for ::1 at 2023-08-18 20:00:23 +0300
Processing by LabsController#index as HTML
  Rendering layout layouts/application.html.erb
  Rendering labs/index.slim within layouts/application
  [1m[36mLab Load (0.3ms)[0m  [1m[34mSELECT "labs".* FROM "labs"[0m
  ↳ app/views/labs/index.slim:1
  Rendered labs/index.slim within layouts/application (Duration: 2.2ms | Allocations: 570)
  Rendered layout layouts/application.html.erb (Duration: 6.3ms | Allocations: 2951)
Completed 200 OK in 8ms (Views: 6.8ms | ActiveRecord: 0.3ms | Allocations: 3224)


Started GET "/labs" for ::1 at 2023-08-18 20:00:58 +0300
  [1m[36mActiveRecord::SchemaMigration Pluck (0.4ms)[0m  [1m[34mSELECT "schema_migrations"."version" FROM "schema_migrations" ORDER BY "schema_migrations"."version" ASC[0m
Processing by LabsController#index as HTML
  Rendering layout layouts/application.html.erb
  Rendering labs/index.slim within layouts/application
  [1m[36mLab Load (0.5ms)[0m  [1m[34mSELECT "labs".* FROM "labs"[0m
  ↳ app/views/labs/index.slim:1
  Rendered labs/index.slim within layouts/application (Duration: 37.0ms | Allocations: 15711)
  Rendered layout layouts/application.html.erb (Duration: 145.0ms | Allocations: 50415)
Completed 200 OK in 165ms (Views: 147.5ms | ActiveRecord: 1.1ms | Allocations: 56699)


Started GET "/labs" for ::1 at 2023-08-18 23:06:34 +0300
Processing by LabsController#index as HTML
  Rendering layout layouts/application.html.erb
  Rendering labs/index.slim within layouts/application
  [1m[36mLab Load (0.4ms)[0m  [1m[34mSELECT "labs".* FROM "labs"[0m
  ↳ app/views/labs/index.slim:2
  Rendered labs/index.slim within layouts/application (Duration: 132.9ms | Allocations: 2981)
  Rendered layout layouts/application.html.erb (Duration: 234.0ms | Allocations: 5835)
Completed 200 OK in 315ms (Views: 263.5ms | ActiveRecord: 10.2ms | Allocations: 6810)


Started GET "/labs" for ::1 at 2023-08-18 23:07:56 +0300
Processing by LabsController#index as HTML
  Rendering layout layouts/application.html.erb
  Rendering labs/index.slim within layouts/application
  [1m[36mLab Load (0.1ms)[0m  [1m[34mSELECT "labs".* FROM "labs"[0m
  ↳ app/views/labs/index.slim:2
  Rendered labs/index.slim within layouts/application (Duration: 10.6ms | Allocations: 2776)
  Rendered layout layouts/application.html.erb (Duration: 20.9ms | Allocations: 5632)
Completed 200 OK in 27ms (Views: 24.8ms | ActiveRecord: 0.1ms | Allocations: 6577)


Started GET "/labs" for ::1 at 2023-08-18 23:08:54 +0300
Processing by LabsController#index as HTML
  Rendering layout layouts/application.html.erb
  Rendering labs/index.slim within layouts/application
  [1m[36mLab Load (0.3ms)[0m  [1m[34mSELECT "labs".* FROM "labs"[0m
  ↳ app/views/labs/index.slim:2
  Rendered labs/index.slim within layouts/application (Duration: 14.5ms | Allocations: 3180)
  Rendered layout layouts/application.html.erb (Duration: 23.0ms | Allocations: 6024)
Completed 200 OK in 31ms (Views: 27.6ms | ActiveRecord: 0.3ms | Allocations: 6969)


Started GET "/labs" for ::1 at 2023-08-18 23:09:31 +0300
Processing by LabsController#index as HTML
  Rendering layout layouts/application.html.erb
  Rendering labs/index.slim within layouts/application
  [1m[36mLab Load (0.1ms)[0m  [1m[34mSELECT "labs".* FROM "labs"[0m
  ↳ app/views/labs/index.slim:2
  Rendered labs/index.slim within layouts/application (Duration: 11.3ms | Allocations: 3190)
  Rendered layout layouts/application.html.erb (Duration: 41.6ms | Allocations: 6081)
Completed 200 OK in 54ms (Views: 45.0ms | ActiveRecord: 0.1ms | Allocations: 7019)


Started GET "/labs" for ::1 at 2023-08-18 23:10:12 +0300
Processing by LabsController#index as HTML
  Rendering layout layouts/application.html.erb
  Rendering labs/index.slim within layouts/application
  [1m[36mLab Load (0.1ms)[0m  [1m[34mSELECT "labs".* FROM "labs"[0m
  ↳ app/views/labs/index.slim:2
  Rendered labs/index.slim within layouts/application (Duration: 11.5ms | Allocations: 3106)
  Rendered layout layouts/application.html.erb (Duration: 22.8ms | Allocations: 5950)
Completed 200 OK in 28ms (Views: 25.9ms | ActiveRecord: 0.1ms | Allocations: 6895)


Started GET "/labs" for ::1 at 2023-08-18 23:10:48 +0300
Processing by LabsController#index as HTML
  Rendering layout layouts/application.html.erb
  Rendering labs/index.slim within layouts/application
  [1m[36mLab Load (0.2ms)[0m  [1m[34mSELECT "labs".* FROM "labs"[0m
  ↳ app/views/labs/index.slim:2
  Rendered labs/index.slim within layouts/application (Duration: 9.1ms | Allocations: 3335)
  Rendered layout layouts/application.html.erb (Duration: 24.3ms | Allocations: 6176)
Completed 200 OK in 27ms (Views: 26.1ms | ActiveRecord: 0.2ms | Allocations: 7110)


Started GET "/labs" for ::1 at 2023-08-18 23:10:50 +0300
Processing by LabsController#index as HTML
  Rendering layout layouts/application.html.erb
  Rendering labs/index.slim within layouts/application
  [1m[36mLab Load (0.2ms)[0m  [1m[34mSELECT "labs".* FROM "labs"[0m
  ↳ app/views/labs/index.slim:2
  Rendered labs/index.slim within layouts/application (Duration: 4.9ms | Allocations: 567)
  Rendered layout layouts/application.html.erb (Duration: 13.6ms | Allocations: 2941)
Completed 200 OK in 15ms (Views: 14.3ms | ActiveRecord: 0.2ms | Allocations: 3234)


Started GET "/labs" for ::1 at 2023-08-18 23:12:59 +0300
Processing by LabsController#index as HTML
  Rendering layout layouts/application.html.erb
  Rendering labs/index.slim within layouts/application
  Rendered labs/index.slim within layouts/application (Duration: 13.4ms | Allocations: 4150)
  Rendered layout layouts/application.html.erb (Duration: 28.6ms | Allocations: 7002)
Completed 200 OK in 32ms (Views: 30.8ms | ActiveRecord: 0.0ms | Allocations: 7921)


Started GET "/labs" for ::1 at 2023-08-18 23:13:33 +0300
Processing by LabsController#index as HTML
  Rendering layout layouts/application.html.erb
  Rendering labs/index.slim within layouts/application
  Rendered labs/index.slim within layouts/application (Duration: 11.2ms | Allocations: 4137)
  Rendered layout layouts/application.html.erb (Duration: 22.0ms | Allocations: 7005)
Completed 200 OK in 29ms (Views: 27.2ms | ActiveRecord: 0.0ms | Allocations: 7943)


Started GET "/labs" for ::1 at 2023-08-18 23:13:46 +0300
Processing by LabsController#index as HTML
  Rendering layout layouts/application.html.erb
  Rendering labs/index.slim within layouts/application
  Rendered labs/index.slim within layouts/application (Duration: 0.1ms | Allocations: 7)
  Rendered layout layouts/application.html.erb (Duration: 9.1ms | Allocations: 2382)
Completed 200 OK in 10ms (Views: 9.8ms | ActiveRecord: 0.0ms | Allocations: 2671)


Started GET "/labs" for ::1 at 2023-08-18 23:13:48 +0300
Processing by LabsController#index as HTML
  Rendering layout layouts/application.html.erb
  Rendering labs/index.slim within layouts/application
  Rendered labs/index.slim within layouts/application (Duration: 0.1ms | Allocations: 7)
  Rendered layout layouts/application.html.erb (Duration: 12.9ms | Allocations: 2376)
Completed 200 OK in 14ms (Views: 13.9ms | ActiveRecord: 0.0ms | Allocations: 2642)


Started GET "/labs" for ::1 at 2023-08-18 23:13:48 +0300
Processing by LabsController#index as HTML
  Rendering layout layouts/application.html.erb
  Rendering labs/index.slim within layouts/application
  Rendered labs/index.slim within layouts/application (Duration: 0.1ms | Allocations: 7)
  Rendered layout layouts/application.html.erb (Duration: 5.4ms | Allocations: 2370)
Completed 200 OK in 7ms (Views: 6.1ms | ActiveRecord: 0.0ms | Allocations: 2636)


Started GET "/labs" for ::1 at 2023-08-18 23:13:52 +0300
Processing by LabsController#index as HTML
  Rendering layout layouts/application.html.erb
  Rendering labs/index.slim within layouts/application
  [1m[36mLab Load (0.1ms)[0m  [1m[34mSELECT "labs".* FROM "labs"[0m
  ↳ app/views/labs/index.slim:2
  Rendered labs/index.slim within layouts/application (Duration: 9.4ms | Allocations: 3165)
  Rendered layout layouts/application.html.erb (Duration: 24.2ms | Allocations: 6015)
Completed 200 OK in 30ms (Views: 28.2ms | ActiveRecord: 0.1ms | Allocations: 6926)


Started GET "/labs" for ::1 at 2023-08-18 23:16:41 +0300
Processing by LabsController#index as HTML
  Rendering layout layouts/application.html.erb
  Rendering labs/index.slim within layouts/application
  [1m[36mLab Load (0.1ms)[0m  [1m[34mSELECT "labs".* FROM "labs"[0m
  ↳ app/views/labs/index.slim:2
  Rendered labs/index.slim within layouts/application (Duration: 5.6ms | Allocations: 2921)
  Rendered layout layouts/application.html.erb (Duration: 12.0ms | Allocations: 5756)
Completed 200 OK in 18ms (Views: 15.6ms | ActiveRecord: 0.1ms | Allocations: 6690)


Started GET "/labs" for ::1 at 2023-08-18 23:20:38 +0300
Processing by LabsController#index as HTML
  Rendering layout layouts/application.html.erb
  Rendering labs/index.slim within layouts/application
  Rendered labs/index.slim within layouts/application (Duration: 5.8ms | Allocations: 2526)
  Rendered layout layouts/application.html.erb (Duration: 12.3ms | Allocations: 5368)
Completed 200 OK in 17ms (Views: 15.5ms | ActiveRecord: 0.0ms | Allocations: 6306)


Started GET "/labs" for ::1 at 2023-08-18 23:25:42 +0300
Processing by LabsController#index as HTML
  Rendering layout layouts/application.html.erb
  Rendering labs/index.slim within layouts/application
  Rendered labs/index.slim within layouts/application (Duration: 4.4ms | Allocations: 2703)
  Rendered layout layouts/application.html.erb (Duration: 53.3ms | Allocations: 5575)
Completed 200 OK in 57ms (Views: 55.5ms | ActiveRecord: 0.0ms | Allocations: 6513)


Started GET "/labs" for ::1 at 2023-08-18 23:27:41 +0300
Processing by LabsController#index as HTML
  Rendering layout layouts/application.html.erb
  Rendering labs/index.slim within layouts/application
  Rendered labs/index.slim within layouts/application (Duration: 65.8ms | Allocations: 2702)
  Rendered layout layouts/application.html.erb (Duration: 118.2ms | Allocations: 5565)
Completed 200 OK in 145ms (Views: 139.1ms | ActiveRecord: 0.0ms | Allocations: 6503)


Started GET "/labs" for ::1 at 2023-08-18 23:27:41 +0300
Processing by LabsController#index as HTML
  Rendering layout layouts/application.html.erb
  Rendering labs/index.slim within layouts/application
  Rendered labs/index.slim within layouts/application (Duration: 0.1ms | Allocations: 7)
  Rendered layout layouts/application.html.erb (Duration: 168.0ms | Allocations: 2383)
Completed 200 OK in 183ms (Views: 182.5ms | ActiveRecord: 0.0ms | Allocations: 2674)


Started GET "/labs" for ::1 at 2023-08-18 23:27:42 +0300
Processing by LabsController#index as HTML
  Rendering layout layouts/application.html.erb
  Rendering labs/index.slim within layouts/application
  Rendered labs/index.slim within layouts/application (Duration: 0.1ms | Allocations: 7)
  Rendered layout layouts/application.html.erb (Duration: 9.4ms | Allocations: 2375)
Completed 200 OK in 11ms (Views: 10.9ms | ActiveRecord: 0.0ms | Allocations: 2643)


Started GET "/labs" for ::1 at 2023-08-18 23:28:26 +0300
Processing by LabsController#index as HTML
  Rendering layout layouts/application.html.erb
  Rendering labs/index.slim within layouts/application
  Rendered labs/index.slim within layouts/application (Duration: 5.1ms | Allocations: 2715)
  Rendered layout layouts/application.html.erb (Duration: 9.6ms | Allocations: 5579)
Completed 200 OK in 13ms (Views: 11.9ms | ActiveRecord: 0.0ms | Allocations: 6498)


Started GET "/labs" for ::1 at 2023-08-18 23:29:32 +0300
Processing by LabsController#index as HTML
  Rendering layout layouts/application.html.erb
  Rendering labs/index.slim within layouts/application
  Rendered labs/index.slim within layouts/application (Duration: 5.4ms | Allocations: 3180)
  Rendered layout layouts/application.html.erb (Duration: 11.2ms | Allocations: 6031)
Completed 200 OK in 16ms (Views: 14.8ms | ActiveRecord: 0.0ms | Allocations: 6969)


Started GET "/labs" for ::1 at 2023-08-18 23:29:46 +0300
Processing by LabsController#index as HTML
  Rendering layout layouts/application.html.erb
  Rendering labs/index.slim within layouts/application
  Rendered labs/index.slim within layouts/application (Duration: 0.1ms | Allocations: 7)
  Rendered layout layouts/application.html.erb (Duration: 8.8ms | Allocations: 2379)
Completed 200 OK in 11ms (Views: 9.8ms | ActiveRecord: 0.0ms | Allocations: 2668)


Started GET "/labs" for ::1 at 2023-08-18 23:29:51 +0300
Processing by LabsController#index as HTML
  Rendering layout layouts/application.html.erb
  Rendering labs/index.slim within layouts/application
  Rendered labs/index.slim within layouts/application (Duration: 7.3ms | Allocations: 2701)
  Rendered layout layouts/application.html.erb (Duration: 15.3ms | Allocations: 5549)
Completed 200 OK in 19ms (Views: 17.9ms | ActiveRecord: 0.0ms | Allocations: 6464)


Started GET "/labs" for ::1 at 2023-08-18 23:31:34 +0300
Processing by LabsController#index as HTML
  Rendering layout layouts/application.html.erb
  Rendering labs/index.slim within layouts/application
  [1m[36mLab Load (0.1ms)[0m  [1m[34mSELECT "labs".* FROM "labs"[0m
  ↳ app/views/labs/index.slim:2
  Rendered labs/index.slim within layouts/application (Duration: 48.9ms | Allocations: 10628)
  Rendered layout layouts/application.html.erb (Duration: 50.1ms | Allocations: 10725)
Completed 500 Internal Server Error in 56ms (ActiveRecord: 0.5ms | Allocations: 11651)


  
ActionView::Template::Error (undefined local variable or method `lab' for #<ActionView::Base:0x0000000000bd88>

; @output_buffer.safe_concat(((::Temple::Utils.escape_html_safe((lab.title))).to_s)); 
                                                                 ^^^
Did you mean?  @labs):
    1: <h2>Labs reports</h2>
    2: - @labs.each do |lab|
    3: <p>
    4:   div = lab.title
    5: <p/>
    6:   div = lab.description
    7: <p/>
  
app/views/labs/index.slim:4
Started GET "/labs" for ::1 at 2023-08-18 23:32:12 +0300
Processing by LabsController#index as HTML
  Rendering layout layouts/application.html.erb
  Rendering labs/index.slim within layouts/application
  [1m[36mLab Load (0.1ms)[0m  [1m[34mSELECT "labs".* FROM "labs"[0m
  ↳ app/views/labs/index.slim:2
  Rendered labs/index.slim within layouts/application (Duration: 8.2ms | Allocations: 2779)
  Rendered layout layouts/application.html.erb (Duration: 17.0ms | Allocations: 5632)
Completed 200 OK in 20ms (Views: 18.7ms | ActiveRecord: 0.1ms | Allocations: 6560)


Started GET "/labs" for ::1 at 2023-08-18 23:32:42 +0300
Processing by LabsController#index as HTML
  Rendering layout layouts/application.html.erb
  Rendering labs/index.slim within layouts/application
  [1m[36mLab Load (0.1ms)[0m  [1m[34mSELECT "labs".* FROM "labs"[0m
  ↳ app/views/labs/index.slim:2
  Rendered labs/index.slim within layouts/application (Duration: 6.2ms | Allocations: 3161)
  Rendered layout layouts/application.html.erb (Duration: 12.2ms | Allocations: 5999)
Completed 200 OK in 16ms (Views: 14.4ms | ActiveRecord: 0.1ms | Allocations: 6933)


Started GET "/labs" for ::1 at 2023-08-18 23:33:30 +0300
Processing by LabsController#index as HTML
  Rendering layout layouts/application.html.erb
  Rendering labs/index.slim within layouts/application
  [1m[36mLab Load (0.1ms)[0m  [1m[34mSELECT "labs".* FROM "labs"[0m
  ↳ app/views/labs/index.slim:2
  Rendered labs/index.slim within layouts/application (Duration: 13.4ms | Allocations: 8113)
  Rendered layout layouts/application.html.erb (Duration: 13.8ms | Allocations: 8198)
Completed 500 Internal Server Error in 17ms (ActiveRecord: 0.1ms | Allocations: 9103)


  
ActionView::Template::Error (undefined local variable or method `lab' for #<ActionView::Base:0x0000000000c260>

; @output_buffer.safe_concat(((::Temple::Utils.escape_html_safe((lab.description))).to_s)); 
                                                                 ^^^
Did you mean?  @labs):
    2: - @labs.each do |lab|
    3:   div = lab.title
    4: <p>
    5:   div = lab.description
    6: </p>
  
app/views/labs/index.slim:5
Started GET "/labs" for ::1 at 2023-08-18 23:33:31 +0300
Processing by LabsController#index as HTML
  Rendering layout layouts/application.html.erb
  Rendering labs/index.slim within layouts/application
  [1m[36mLab Load (0.3ms)[0m  [1m[34mSELECT "labs".* FROM "labs"[0m
  ↳ app/views/labs/index.slim:2
  Rendered labs/index.slim within layouts/application (Duration: 21.2ms | Allocations: 5134)
  Rendered layout layouts/application.html.erb (Duration: 21.7ms | Allocations: 5213)
Completed 500 Internal Server Error in 32ms (ActiveRecord: 0.3ms | Allocations: 5477)


  
ActionView::Template::Error (undefined local variable or method `lab' for #<ActionView::Base:0x0000000000c530>

; @output_buffer.safe_concat(((::Temple::Utils.escape_html_safe((lab.description))).to_s)); 
                                                                 ^^^
Did you mean?  @labs):
    2: - @labs.each do |lab|
    3:   div = lab.title
    4: <p>
    5:   div = lab.description
    6: </p>
  
app/views/labs/index.slim:5
Started GET "/labs" for ::1 at 2023-08-18 23:33:43 +0300
Processing by LabsController#index as HTML
  Rendering layout layouts/application.html.erb
  Rendering labs/index.slim within layouts/application
  [1m[36mLab Load (0.2ms)[0m  [1m[34mSELECT "labs".* FROM "labs"[0m
  ↳ app/views/labs/index.slim:2
  Rendered labs/index.slim within layouts/application (Duration: 17.4ms | Allocations: 7964)
  Rendered layout layouts/application.html.erb (Duration: 18.3ms | Allocations: 8049)
Completed 500 Internal Server Error in 23ms (ActiveRecord: 0.2ms | Allocations: 8923)


  
ActionView::Template::Error (undefined local variable or method `lab' for #<ActionView::Base:0x0000000000c878>

; @output_buffer.safe_concat(((::Temple::Utils.escape_html_safe((lab.description))).to_s)); 
                                                                 ^^^
Did you mean?  @labs):
    2: - @labs.each do |lab|
    3:   div = lab.title
    4: <p>
    5:   div = lab.description
  
app/views/labs/index.slim:5
Started GET "/labs" for ::1 at 2023-08-18 23:33:44 +0300
Processing by LabsController#index as HTML
  Rendering layout layouts/application.html.erb
  Rendering labs/index.slim within layouts/application
  [1m[36mLab Load (0.3ms)[0m  [1m[34mSELECT "labs".* FROM "labs"[0m
  ↳ app/views/labs/index.slim:2
  Rendered labs/index.slim within layouts/application (Duration: 12.1ms | Allocations: 5136)
  Rendered layout layouts/application.html.erb (Duration: 13.2ms | Allocations: 5216)
Completed 500 Internal Server Error in 16ms (ActiveRecord: 0.3ms | Allocations: 5480)


  
ActionView::Template::Error (undefined local variable or method `lab' for #<ActionView::Base:0x0000000000cb48>

; @output_buffer.safe_concat(((::Temple::Utils.escape_html_safe((lab.description))).to_s)); 
                                                                 ^^^
Did you mean?  @labs):
    2: - @labs.each do |lab|
    3:   div = lab.title
    4: <p>
    5:   div = lab.description
  
app/views/labs/index.slim:5
Started GET "/labs" for ::1 at 2023-08-18 23:33:46 +0300
Processing by LabsController#index as HTML
  Rendering layout layouts/application.html.erb
  Rendering labs/index.slim within layouts/application
  [1m[36mLab Load (0.2ms)[0m  [1m[34mSELECT "labs".* FROM "labs"[0m
  ↳ app/views/labs/index.slim:2
  Rendered labs/index.slim within layouts/application (Duration: 9.5ms | Allocations: 5135)
  Rendered layout layouts/application.html.erb (Duration: 9.9ms | Allocations: 5214)
Completed 500 Internal Server Error in 11ms (ActiveRecord: 0.2ms | Allocations: 5456)


  
ActionView::Template::Error (undefined local variable or method `lab' for #<ActionView::Base:0x0000000000ce68>

; @output_buffer.safe_concat(((::Temple::Utils.escape_html_safe((lab.description))).to_s)); 
                                                                 ^^^
Did you mean?  @labs):
    2: - @labs.each do |lab|
    3:   div = lab.title
    4: <p>
    5:   div = lab.description
  
app/views/labs/index.slim:5
Started GET "/labs" for ::1 at 2023-08-18 23:34:28 +0300
Processing by LabsController#index as HTML
  Rendering layout layouts/application.html.erb
  Rendering labs/index.slim within layouts/application
  [1m[36mLab Load (0.2ms)[0m  [1m[34mSELECT "labs".* FROM "labs"[0m
  ↳ app/views/labs/index.slim:2
  Rendered labs/index.slim within layouts/application (Duration: 7.7ms | Allocations: 3475)
  Rendered layout layouts/application.html.erb (Duration: 15.9ms | Allocations: 6328)
Completed 200 OK in 19ms (Views: 17.8ms | ActiveRecord: 0.2ms | Allocations: 7231)


Started GET "/labs" for ::1 at 2023-08-18 23:34:30 +0300
Processing by LabsController#index as HTML
  Rendering layout layouts/application.html.erb
  Rendering labs/index.slim within layouts/application
  [1m[36mLab Load (0.3ms)[0m  [1m[34mSELECT "labs".* FROM "labs"[0m
  ↳ app/views/labs/index.slim:2
  Rendered labs/index.slim within layouts/application (Duration: 3.2ms | Allocations: 567)
  Rendered layout layouts/application.html.erb (Duration: 9.0ms | Allocations: 2944)
Completed 200 OK in 12ms (Views: 10.0ms | ActiveRecord: 0.3ms | Allocations: 3233)


Started GET "/labs" for ::1 at 2023-08-18 23:34:41 +0300
Processing by LabsController#index as HTML
  Rendering layout layouts/application.html.erb
  Rendering labs/index.slim within layouts/application
  [1m[36mLab Load (0.2ms)[0m  [1m[34mSELECT "labs".* FROM "labs"[0m
  ↳ app/views/labs/index.slim:2
  Rendered labs/index.slim within layouts/application (Duration: 8.3ms | Allocations: 3452)
  Rendered layout layouts/application.html.erb (Duration: 15.4ms | Allocations: 6305)
Completed 200 OK in 19ms (Views: 17.3ms | ActiveRecord: 0.2ms | Allocations: 7216)


Started GET "/labs" for ::1 at 2023-08-18 23:34:43 +0300
Processing by LabsController#index as HTML
  Rendering layout layouts/application.html.erb
  Rendering labs/index.slim within layouts/application
  [1m[36mLab Load (0.2ms)[0m  [1m[34mSELECT "labs".* FROM "labs"[0m
  ↳ app/views/labs/index.slim:2
  Rendered labs/index.slim within layouts/application (Duration: 2.3ms | Allocations: 567)
  Rendered layout layouts/application.html.erb (Duration: 9.1ms | Allocations: 2941)
Completed 200 OK in 10ms (Views: 9.7ms | ActiveRecord: 0.2ms | Allocations: 3230)


Started GET "/labs" for ::1 at 2023-08-18 23:37:21 +0300
Processing by LabsController#index as HTML
  Rendering layout layouts/application.html.erb
  Rendering labs/index.slim within layouts/application
  Rendered labs/index.slim within layouts/application (Duration: 4.3ms | Allocations: 2325)
  Rendered layout layouts/application.html.erb (Duration: 6.3ms | Allocations: 2418)
Completed 500 Internal Server Error in 11ms (ActiveRecord: 0.0ms | Allocations: 3306)


  
ActionView::Template::Error (Expected tag
  /root/krd-practice/RubyLessons/Lesson8/copy_lab_reports/app/views/labs/index.slim, Line 3, Column 9
    Title: <% div = lab.title %><br>
           ^
):
    1: <h2>Labs reports</h2>
    2: <% - @labs.each do |lab| %>
    3:   Title: <% div = lab.title %><br>
    4:   div = lab.description
  
app/views/labs/index.slim:3
Started GET "/labs" for ::1 at 2023-08-18 23:37:44 +0300
Processing by LabsController#index as HTML
  Rendering layout layouts/application.html.erb
  Rendering labs/index.slim within layouts/application
  Rendered labs/index.slim within layouts/application (Duration: 10.7ms | Allocations: 6838)
  Rendered layout layouts/application.html.erb (Duration: 11.1ms | Allocations: 6926)
Completed 500 Internal Server Error in 15ms (ActiveRecord: 0.0ms | Allocations: 7826)


  
ActionView::Template::Error (undefined local variable or method `lab' for #<ActionView::Base:0x0000000000d610>

; @output_buffer.safe_concat(((::Temple::Utils.escape_html_safe((lab.description))).to_s)); 
                                                                 ^^^
Did you mean?  @labs):
    1: <h2>Labs reports</h2>
    2: <% - @labs.each do |lab| %>
    3:   <% div = lab.title %><br>
    4:   div = lab.description
  
app/views/labs/index.slim:4
Started GET "/labs" for ::1 at 2023-08-18 23:38:01 +0300
Processing by LabsController#index as HTML
  Rendering layout layouts/application.html.erb
  Rendering labs/index.slim within layouts/application
  Rendered labs/index.slim within layouts/application (Duration: 5.6ms | Allocations: 2050)
  Rendered layout layouts/application.html.erb (Duration: 13.4ms | Allocations: 4913)
Completed 200 OK in 18ms (Views: 16.3ms | ActiveRecord: 0.0ms | Allocations: 5842)


Started GET "/labs" for ::1 at 2023-08-18 23:39:29 +0300
Processing by LabsController#index as HTML
  Rendering layout layouts/application.html.erb
  Rendering labs/index.slim within layouts/application
  [1m[36mLab Load (0.2ms)[0m  [1m[34mSELECT "labs".* FROM "labs"[0m
  ↳ app/views/labs/index.slim:2
  Rendered labs/index.slim within layouts/application (Duration: 6.4ms | Allocations: 3286)
  Rendered layout layouts/application.html.erb (Duration: 13.8ms | Allocations: 6118)
Completed 200 OK in 18ms (Views: 16.1ms | ActiveRecord: 0.2ms | Allocations: 7052)


Started GET "/labs" for ::1 at 2023-08-18 23:41:04 +0300
Processing by LabsController#index as HTML
  Rendering layout layouts/application.html.erb
  Rendering labs/index.slim within layouts/application
  [1m[36mLab Load (0.2ms)[0m  [1m[34mSELECT "labs".* FROM "labs"[0m
  ↳ app/views/labs/index.slim:3
  Rendered labs/index.slim within layouts/application (Duration: 9.7ms | Allocations: 3487)
  Rendered layout layouts/application.html.erb (Duration: 15.5ms | Allocations: 6334)
Completed 200 OK in 21ms (Views: 19.4ms | ActiveRecord: 0.2ms | Allocations: 7268)


Started GET "/labs" for ::1 at 2023-08-18 23:41:05 +0300
Processing by LabsController#index as HTML
  Rendering layout layouts/application.html.erb
  Rendering labs/index.slim within layouts/application
  [1m[36mLab Load (0.4ms)[0m  [1m[34mSELECT "labs".* FROM "labs"[0m
  ↳ app/views/labs/index.slim:3
  Rendered labs/index.slim within layouts/application (Duration: 4.3ms | Allocations: 567)
  Rendered layout layouts/application.html.erb (Duration: 9.3ms | Allocations: 2947)
Completed 200 OK in 12ms (Views: 10.4ms | ActiveRecord: 0.4ms | Allocations: 3236)


Started GET "/labs" for ::1 at 2023-08-18 23:41:05 +0300
Processing by LabsController#index as HTML
  Rendering layout layouts/application.html.erb
  Rendering labs/index.slim within layouts/application
  [1m[36mLab Load (0.2ms)[0m  [1m[34mSELECT "labs".* FROM "labs"[0m
  ↳ app/views/labs/index.slim:3
  Rendered labs/index.slim within layouts/application (Duration: 11.1ms | Allocations: 567)
  Rendered layout layouts/application.html.erb (Duration: 19.4ms | Allocations: 2962)
Completed 200 OK in 22ms (Views: 20.5ms | ActiveRecord: 0.2ms | Allocations: 3228)


Started GET "/labs" for ::1 at 2023-08-18 23:41:05 +0300
Processing by LabsController#index as HTML
  Rendering layout layouts/application.html.erb
  Rendering labs/index.slim within layouts/application
  [1m[36mLab Load (1.6ms)[0m  [1m[34mSELECT "labs".* FROM "labs"[0m
  ↳ app/views/labs/index.slim:3
  Rendered labs/index.slim within layouts/application (Duration: 5.0ms | Allocations: 567)
  Rendered layout layouts/application.html.erb (Duration: 14.8ms | Allocations: 2926)
Completed 200 OK in 16ms (Views: 14.3ms | ActiveRecord: 1.6ms | Allocations: 3192)


Started GET "/labs" for ::1 at 2023-08-18 23:41:10 +0300
Processing by LabsController#index as HTML
  Rendering layout layouts/application.html.erb
  Rendering labs/index.slim within layouts/application
  [1m[36mLab Load (0.1ms)[0m  [1m[34mSELECT "labs".* FROM "labs"[0m
  ↳ app/views/labs/index.slim:3
  Rendered labs/index.slim within layouts/application (Duration: 7.3ms | Allocations: 3494)
  Rendered layout layouts/application.html.erb (Duration: 13.5ms | Allocations: 6349)
Completed 200 OK in 17ms (Views: 15.3ms | ActiveRecord: 0.1ms | Allocations: 7263)


Started GET "/labs" for ::1 at 2023-08-18 23:41:22 +0300
Processing by LabsController#index as HTML
  Rendering layout layouts/application.html.erb
  Rendering labs/index.slim within layouts/application
  [1m[36mLab Load (0.2ms)[0m  [1m[34mSELECT "labs".* FROM "labs"[0m
  ↳ app/views/labs/index.slim:2
  Rendered labs/index.slim within layouts/application (Duration: 6.5ms | Allocations: 3496)
  Rendered layout layouts/application.html.erb (Duration: 12.1ms | Allocations: 6334)
Completed 200 OK in 19ms (Views: 17.7ms | ActiveRecord: 0.2ms | Allocations: 7268)


Started GET "/labs" for ::1 at 2023-08-18 23:41:30 +0300
Processing by LabsController#index as HTML
  Rendering layout layouts/application.html.erb
  Rendering labs/index.slim within layouts/application
  [1m[36mLab Load (0.1ms)[0m  [1m[34mSELECT "labs".* FROM "labs"[0m
  ↳ app/views/labs/index.slim:2
  Rendered labs/index.slim within layouts/application (Duration: 7.1ms | Allocations: 3694)
  Rendered layout layouts/application.html.erb (Duration: 16.7ms | Allocations: 6550)
Completed 200 OK in 20ms (Views: 19.0ms | ActiveRecord: 0.1ms | Allocations: 7484)


Started GET "/labs" for ::1 at 2023-08-18 23:41:42 +0300
Processing by LabsController#index as HTML
  Rendering layout layouts/application.html.erb
  Rendering labs/index.slim within layouts/application
  [1m[36mLab Load (0.2ms)[0m  [1m[34mSELECT "labs".* FROM "labs"[0m
  ↳ app/views/labs/index.slim:2
  Rendered labs/index.slim within layouts/application (Duration: 10.1ms | Allocations: 3917)
  Rendered layout layouts/application.html.erb (Duration: 18.6ms | Allocations: 6749)
Completed 200 OK in 23ms (Views: 21.7ms | ActiveRecord: 0.2ms | Allocations: 7688)


Started GET "/labs" for ::1 at 2023-08-18 23:44:07 +0300
Processing by LabsController#index as HTML
  Rendering layout layouts/application.html.erb
  Rendering labs/index.slim within layouts/application
  [1m[36mLab Load (0.1ms)[0m  [1m[34mSELECT "labs".* FROM "labs"[0m
  ↳ app/views/labs/index.slim:2
  Rendered labs/index.slim within layouts/application (Duration: 6.8ms | Allocations: 3456)
  Rendered layout layouts/application.html.erb (Duration: 12.6ms | Allocations: 6300)
Completed 200 OK in 16ms (Views: 14.4ms | ActiveRecord: 0.1ms | Allocations: 7234)


Started GET "/labs" for ::1 at 2023-08-18 23:44:32 +0300
Processing by LabsController#index as HTML
  Rendering layout layouts/application.html.erb
  Rendering labs/index.slim within layouts/application
  [1m[36mLab Load (0.1ms)[0m  [1m[34mSELECT "labs".* FROM "labs"[0m
  ↳ app/views/labs/index.slim:2
  Rendered labs/index.slim within layouts/application (Duration: 8.8ms | Allocations: 3856)
  Rendered layout layouts/application.html.erb (Duration: 13.6ms | Allocations: 6706)
Completed 200 OK in 17ms (Views: 15.3ms | ActiveRecord: 0.1ms | Allocations: 7640)


Started GET "/labs" for ::1 at 2023-08-18 23:46:42 +0300
Processing by LabsController#index as HTML
  Rendering layout layouts/application.html.erb
  Rendering labs/index.slim within layouts/application
  [1m[36mLab Load (0.2ms)[0m  [1m[34mSELECT "labs".* FROM "labs"[0m
  ↳ app/views/labs/index.slim:2
  Rendered labs/index.slim within layouts/application (Duration: 7.8ms | Allocations: 3853)
  Rendered layout layouts/application.html.erb (Duration: 12.9ms | Allocations: 6706)
Completed 200 OK in 16ms (Views: 14.5ms | ActiveRecord: 0.2ms | Allocations: 7640)


Started GET "/labs" for ::1 at 2023-08-18 23:46:52 +0300
Processing by LabsController#index as HTML
  Rendering layout layouts/application.html.erb
  Rendering labs/index.slim within layouts/application
  [1m[36mLab Load (0.1ms)[0m  [1m[34mSELECT "labs".* FROM "labs"[0m
  ↳ app/views/labs/index.slim:2
  Rendered labs/index.slim within layouts/application (Duration: 6.6ms | Allocations: 3862)
  Rendered layout layouts/application.html.erb (Duration: 14.5ms | Allocations: 6706)
Completed 200 OK in 18ms (Views: 16.2ms | ActiveRecord: 0.1ms | Allocations: 7640)


Started GET "/labs" for ::1 at 2023-08-18 23:47:05 +0300
Processing by LabsController#index as HTML
  Rendering layout layouts/application.html.erb
  Rendering labs/index.slim within layouts/application
  [1m[36mLab Load (0.1ms)[0m  [1m[34mSELECT "labs".* FROM "labs"[0m
  ↳ app/views/labs/index.slim:2
  Rendered labs/index.slim within layouts/application (Duration: 8.5ms | Allocations: 3860)
  Rendered layout layouts/application.html.erb (Duration: 13.6ms | Allocations: 6714)
Completed 200 OK in 23ms (Views: 21.2ms | ActiveRecord: 0.1ms | Allocations: 7650)


Started GET "/labs" for ::1 at 2023-08-18 23:48:31 +0300
Processing by LabsController#index as HTML
  Rendering layout layouts/application.html.erb
  Rendering labs/index.slim within layouts/application
  [1m[36mLab Load (0.1ms)[0m  [1m[34mSELECT "labs".* FROM "labs"[0m
  ↳ app/views/labs/index.slim:2
  Rendered labs/index.slim within layouts/application (Duration: 8.1ms | Allocations: 3585)
  Rendered layout layouts/application.html.erb (Duration: 13.3ms | Allocations: 6427)
Completed 200 OK in 16ms (Views: 15.1ms | ActiveRecord: 0.1ms | Allocations: 7364)


Started GET "/labs" for ::1 at 2023-08-18 23:48:33 +0300
Processing by LabsController#index as HTML
  Rendering layout layouts/application.html.erb
  Rendering labs/index.slim within layouts/application
  [1m[36mLab Load (0.2ms)[0m  [1m[34mSELECT "labs".* FROM "labs"[0m
  ↳ app/views/labs/index.slim:2
  Rendered labs/index.slim within layouts/application (Duration: 3.0ms | Allocations: 567)
  Rendered layout layouts/application.html.erb (Duration: 10.8ms | Allocations: 2938)
Completed 200 OK in 13ms (Views: 11.6ms | ActiveRecord: 0.2ms | Allocations: 3227)


Started GET "/labs" for ::1 at 2023-08-18 23:48:47 +0300
Processing by LabsController#index as HTML
  Rendering layout layouts/application.html.erb
  Rendering labs/index.slim within layouts/application
  [1m[36mLab Load (0.2ms)[0m  [1m[34mSELECT "labs".* FROM "labs"[0m
  ↳ app/views/labs/index.slim:2
  Rendered labs/index.slim within layouts/application (Duration: 12.7ms | Allocations: 3583)
  Rendered layout layouts/application.html.erb (Duration: 19.5ms | Allocations: 6419)
Completed 200 OK in 27ms (Views: 24.4ms | ActiveRecord: 0.2ms | Allocations: 7330)


Started GET "/labs" for ::1 at 2023-08-18 23:48:57 +0300
Processing by LabsController#index as HTML
  Rendering layout layouts/application.html.erb
  Rendering labs/index.slim within layouts/application
  [1m[36mLab Load (0.2ms)[0m  [1m[34mSELECT "labs".* FROM "labs"[0m
  ↳ app/views/labs/index.slim:2
  Rendered labs/index.slim within layouts/application (Duration: 8.7ms | Allocations: 3622)
  Rendered layout layouts/application.html.erb (Duration: 14.7ms | Allocations: 6466)
Completed 200 OK in 19ms (Views: 17.0ms | ActiveRecord: 0.2ms | Allocations: 7405)


  [1m[36mActiveRecord::SchemaMigration Pluck (0.3ms)[0m  [1m[34mSELECT "schema_migrations"."version" FROM "schema_migrations" ORDER BY "schema_migrations"."version" ASC[0m
Migrating to CreateUsers (20230818204932)
  [1m[36mTRANSACTION (0.1ms)[0m  [1m[36mbegin transaction[0m
  [1m[35m (3.5ms)[0m  [1m[35mCREATE TABLE "users" ("id" integer PRIMARY KEY AUTOINCREMENT NOT NULL, "created_at" datetime(6) NOT NULL, "updated_at" datetime(6) NOT NULL)[0m
  [1m[36mActiveRecord::SchemaMigration Create (0.6ms)[0m  [1m[32mINSERT INTO "schema_migrations" ("version") VALUES (?)[0m  [["version", "20230818204932"]]
  [1m[36mTRANSACTION (12.2ms)[0m  [1m[36mcommit transaction[0m
  [1m[36mActiveRecord::InternalMetadata Load (0.5ms)[0m  [1m[34mSELECT "ar_internal_metadata".* FROM "ar_internal_metadata" WHERE "ar_internal_metadata"."key" = ? LIMIT ?[0m  [["key", "environment"], ["LIMIT", 1]]
  [1m[36mActiveRecord::SchemaMigration Pluck (0.1ms)[0m  [1m[34mSELECT "schema_migrations"."version" FROM "schema_migrations" ORDER BY "schema_migrations"."version" ASC[0m
Started GET "/labs" for ::1 at 2023-08-19 00:10:44 +0300
  [1m[36mActiveRecord::SchemaMigration Pluck (0.2ms)[0m  [1m[34mSELECT "schema_migrations"."version" FROM "schema_migrations" ORDER BY "schema_migrations"."version" ASC[0m
Processing by LabsController#index as HTML
  Rendering layout layouts/application.html.erb
  Rendering labs/index.slim within layouts/application
  [1m[36mLab Load (0.4ms)[0m  [1m[34mSELECT "labs".* FROM "labs"[0m
  ↳ app/views/labs/index.slim:2
  Rendered labs/index.slim within layouts/application (Duration: 18.9ms | Allocations: 5110)
  Rendered layout layouts/application.html.erb (Duration: 51.0ms | Allocations: 19433)
Completed 200 OK in 93ms (Views: 53.5ms | ActiveRecord: 0.4ms | Allocations: 23078)


Started GET "/labs" for ::1 at 2023-08-19 00:10:46 +0300
Processing by LabsController#index as HTML
  Rendering layout layouts/application.html.erb
  Rendering labs/index.slim within layouts/application
  [1m[36mLab Load (0.2ms)[0m  [1m[34mSELECT "labs".* FROM "labs"[0m
  ↳ app/views/labs/index.slim:2
  Rendered labs/index.slim within layouts/application (Duration: 2.4ms | Allocations: 568)
  Rendered layout layouts/application.html.erb (Duration: 8.6ms | Allocations: 2953)
Completed 200 OK in 11ms (Views: 9.9ms | ActiveRecord: 0.2ms | Allocations: 3260)


  [1m[36mActiveRecord::SchemaMigration Pluck (0.3ms)[0m  [1m[34mSELECT "schema_migrations"."version" FROM "schema_migrations" ORDER BY "schema_migrations"."version" ASC[0m
  [1m[36mActiveRecord::InternalMetadata Load (0.2ms)[0m  [1m[34mSELECT "ar_internal_metadata".* FROM "ar_internal_metadata" WHERE "ar_internal_metadata"."key" = ? LIMIT ?[0m  [["key", "environment"], ["LIMIT", 1]]
  [1m[36mActiveRecord::SchemaMigration Pluck (0.1ms)[0m  [1m[34mSELECT "schema_migrations"."version" FROM "schema_migrations" ORDER BY "schema_migrations"."version" ASC[0m
  [1m[36mActiveRecord::SchemaMigration Pluck (0.1ms)[0m  [1m[34mSELECT "schema_migrations"."version" FROM "schema_migrations" ORDER BY "schema_migrations"."version" ASC[0m
  [1m[36mActiveRecord::InternalMetadata Load (0.2ms)[0m  [1m[34mSELECT "ar_internal_metadata".* FROM "ar_internal_metadata" WHERE "ar_internal_metadata"."key" = ? LIMIT ?[0m  [["key", "environment"], ["LIMIT", 1]]
  [1m[36mActiveRecord::SchemaMigration Pluck (0.1ms)[0m  [1m[34mSELECT "schema_migrations"."version" FROM "schema_migrations" ORDER BY "schema_migrations"."version" ASC[0m
  [1m[36mActiveRecord::SchemaMigration Pluck (0.2ms)[0m  [1m[34mSELECT "schema_migrations"."version" FROM "schema_migrations" ORDER BY "schema_migrations"."version" ASC[0m
  [1m[36mActiveRecord::InternalMetadata Load (0.3ms)[0m  [1m[34mSELECT "ar_internal_metadata".* FROM "ar_internal_metadata" WHERE "ar_internal_metadata"."key" = ? LIMIT ?[0m  [["key", "environment"], ["LIMIT", 1]]
  [1m[36mActiveRecord::SchemaMigration Pluck (0.1ms)[0m  [1m[34mSELECT "schema_migrations"."version" FROM "schema_migrations" ORDER BY "schema_migrations"."version" ASC[0m
  [1m[36mActiveRecord::SchemaMigration Pluck (0.2ms)[0m  [1m[34mSELECT "schema_migrations"."version" FROM "schema_migrations" ORDER BY "schema_migrations"."version" ASC[0m
  [1m[36mActiveRecord::InternalMetadata Load (0.2ms)[0m  [1m[34mSELECT "ar_internal_metadata".* FROM "ar_internal_metadata" WHERE "ar_internal_metadata"."key" = ? LIMIT ?[0m  [["key", "environment"], ["LIMIT", 1]]
  [1m[36mActiveRecord::SchemaMigration Pluck (0.1ms)[0m  [1m[34mSELECT "schema_migrations"."version" FROM "schema_migrations" ORDER BY "schema_migrations"."version" ASC[0m
  [1m[36mActiveRecord::SchemaMigration Pluck (0.4ms)[0m  [1m[34mSELECT "schema_migrations"."version" FROM "schema_migrations" ORDER BY "schema_migrations"."version" ASC[0m
  [1m[36mActiveRecord::InternalMetadata Load (0.3ms)[0m  [1m[34mSELECT "ar_internal_metadata".* FROM "ar_internal_metadata" WHERE "ar_internal_metadata"."key" = ? LIMIT ?[0m  [["key", "environment"], ["LIMIT", 1]]
  [1m[36mActiveRecord::SchemaMigration Pluck (0.1ms)[0m  [1m[34mSELECT "schema_migrations"."version" FROM "schema_migrations" ORDER BY "schema_migrations"."version" ASC[0m
  [1m[36mLab Load (0.5ms)[0m  [1m[34mSELECT "labs".* FROM "labs"[0m
  [1m[36mUser Load (0.3ms)[0m  [1m[34mSELECT "users".* FROM "users"[0m
  [1m[36mActiveRecord::SchemaMigration Pluck (0.1ms)[0m  [1m[34mSELECT "schema_migrations"."version" FROM "schema_migrations" ORDER BY "schema_migrations"."version" ASC[0m
  [1m[36mActiveRecord::InternalMetadata Load (0.2ms)[0m  [1m[34mSELECT "ar_internal_metadata".* FROM "ar_internal_metadata" WHERE "ar_internal_metadata"."key" = ? LIMIT ?[0m  [["key", "environment"], ["LIMIT", 1]]
  [1m[36mActiveRecord::SchemaMigration Pluck (0.1ms)[0m  [1m[34mSELECT "schema_migrations"."version" FROM "schema_migrations" ORDER BY "schema_migrations"."version" ASC[0m
  [1m[36mLab Load (0.2ms)[0m  [1m[34mSELECT "labs".* FROM "labs"[0m
  [1m[36mActiveRecord::SchemaMigration Pluck (0.2ms)[0m  [1m[34mSELECT "schema_migrations"."version" FROM "schema_migrations" ORDER BY "schema_migrations"."version" ASC[0m
  [1m[36mActiveRecord::SchemaMigration Pluck (0.1ms)[0m  [1m[34mSELECT "schema_migrations"."version" FROM "schema_migrations" ORDER BY "schema_migrations"."version" ASC[0m
  [1m[36mActiveRecord::SchemaMigration Pluck (0.1ms)[0m  [1m[34mSELECT "schema_migrations"."version" FROM "schema_migrations" ORDER BY "schema_migrations"."version" ASC[0m
  [1m[36mActiveRecord::SchemaMigration Pluck (0.1ms)[0m  [1m[34mSELECT "schema_migrations"."version" FROM "schema_migrations" ORDER BY "schema_migrations"."version" ASC[0m
  [1m[36mActiveRecord::SchemaMigration Pluck (0.0ms)[0m  [1m[34mSELECT "schema_migrations"."version" FROM "schema_migrations" ORDER BY "schema_migrations"."version" ASC[0m
  [1m[36mActiveRecord::SchemaMigration Pluck (0.0ms)[0m  [1m[34mSELECT "schema_migrations"."version" FROM "schema_migrations" ORDER BY "schema_migrations"."version" ASC[0m
Migrating to CreateUsers (20230818204932)
  [1m[36mTRANSACTION (0.1ms)[0m  [1m[36mbegin transaction[0m
  [1m[35m (2.2ms)[0m  [1m[35mDROP TABLE "users"[0m
  [1m[36mActiveRecord::SchemaMigration Delete All (0.3ms)[0m  [1m[31mDELETE FROM "schema_migrations" WHERE "schema_migrations"."version" = ?[0m  [["version", "20230818204932"]]
  [1m[36mTRANSACTION (8.8ms)[0m  [1m[36mcommit transaction[0m
  [1m[36mActiveRecord::SchemaMigration Pluck (0.1ms)[0m  [1m[34mSELECT "schema_migrations"."version" FROM "schema_migrations" ORDER BY "schema_migrations"."version" ASC[0m
  [1m[36mActiveRecord::SchemaMigration Pluck (0.2ms)[0m  [1m[34mSELECT "schema_migrations"."version" FROM "schema_migrations" ORDER BY "schema_migrations"."version" ASC[0m
  [1m[36mActiveRecord::SchemaMigration Pluck (0.2ms)[0m  [1m[34mSELECT "schema_migrations"."version" FROM "schema_migrations" ORDER BY "schema_migrations"."version" ASC[0m
